<?xml version="1.0" encoding="UTF-8"?>
<!-- Generated by org.testng.reporters.JUnitReportReporter -->
<testsuite hostname="DESKTOP-MAK1GAA" failures="0" tests="1" name="MedicareTestcases.LoginPageAsUser" time="27.654" errors="0" timestamp="2023-08-05T09:01:02 IST" skipped="0">
  <testcase classname="MedicareTestcases.LoginPageAsUser" name="LoginTest" time="27.654"/>
  <system-out/>
</testsuite> <!-- MedicareTestcases.LoginPageAsUser -->
