<?xml version="1.0" encoding="UTF-8"?>
<!-- Generated by org.testng.reporters.JUnitReportReporter -->
<testsuite hostname="DESKTOP-MAK1GAA" failures="0" tests="1" name="MedicareTestcases.SignUp" time="15.323" errors="0" timestamp="2023-08-03T09:04:52 IST" skipped="0">
  <testcase classname="MedicareTestcases.SignUp" name="openUrl" time="15.323"/>
  <system-out/>
</testsuite> <!-- MedicareTestcases.SignUp -->
